
  .   ____          _            __ _ _
 /\\ / ___'_ __ _ _(_)_ __  __ _ \ \ \ \
( ( )\___ | '_ | '_| | '_ \/ _` | \ \ \ \
 \\/  ___)| |_)| | | | | || (_| |  ) ) ) )
  '  |____| .__|_| |_|_| |_\__, | / / / /
 =========|_|==============|___/=/_/_/_/
 :: Spring Boot ::                (v3.2.0)

2026-06-04T22:20:01.536+08:00  INFO 33364 --- [classic-reading] [           main] c.e.c.ClassicReadingApplication          : Starting ClassicReadingApplication v0.0.1-SNAPSHOT using Java 24.0.2 with PID 33364 (E:\Tencent Files\classic-reading (5)\classic-reading\target\classic-reading-0.0.1-SNAPSHOT.jar started by 29542 in E:\Tencent Files\classic-reading (5)\classic-reading)
2026-06-04T22:20:01.542+08:00  INFO 33364 --- [classic-reading] [           main] c.e.c.ClassicReadingApplication          : No active profile set, falling back to 1 default profile: "default"
2026-06-04T22:20:02.484+08:00  INFO 33364 --- [classic-reading] [           main] .s.d.r.c.RepositoryConfigurationDelegate : Bootstrapping Spring Data JPA repositories in DEFAULT mode.
2026-06-04T22:20:02.576+08:00  INFO 33364 --- [classic-reading] [           main] .s.d.r.c.RepositoryConfigurationDelegate : Finished Spring Data repository scanning in 79 ms. Found 9 JPA repository interfaces.
2026-06-04T22:20:03.345+08:00  INFO 33364 --- [classic-reading] [           main] o.s.b.w.embedded.tomcat.TomcatWebServer  : Tomcat initialized with port 8080 (http)
2026-06-04T22:20:03.356+08:00  INFO 33364 --- [classic-reading] [           main] o.apache.catalina.core.StandardService   : Starting service [Tomcat]
2026-06-04T22:20:03.356+08:00  INFO 33364 --- [classic-reading] [           main] o.apache.catalina.core.StandardEngine    : Starting Servlet engine: [Apache Tomcat/10.1.16]
2026-06-04T22:20:03.400+08:00  INFO 33364 --- [classic-reading] [           main] o.a.c.c.C.[Tomcat].[localhost].[/]       : Initializing Spring embedded WebApplicationContext
2026-06-04T22:20:03.401+08:00  INFO 33364 --- [classic-reading] [           main] w.s.c.ServletWebServerApplicationContext : Root WebApplicationContext: initialization completed in 1736 ms
2026-06-04T22:20:03.582+08:00  INFO 33364 --- [classic-reading] [           main] o.hibernate.jpa.internal.util.LogHelper  : HHH000204: Processing PersistenceUnitInfo [name: default]
2026-06-04T22:20:03.646+08:00  INFO 33364 --- [classic-reading] [           main] org.hibernate.Version                    : HHH000412: Hibernate ORM core version 6.3.1.Final
2026-06-04T22:20:03.696+08:00  INFO 33364 --- [classic-reading] [           main] o.h.c.internal.RegionFactoryInitiator    : HHH000026: Second-level cache disabled
2026-06-04T22:20:04.024+08:00  INFO 33364 --- [classic-reading] [           main] o.s.o.j.p.SpringPersistenceUnitInfo      : No LoadTimeWeaver setup: ignoring JPA class transformer
2026-06-04T22:20:04.062+08:00  INFO 33364 --- [classic-reading] [           main] com.zaxxer.hikari.HikariDataSource       : HikariPool-1 - Starting...
2026-06-04T22:20:04.328+08:00  INFO 33364 --- [classic-reading] [           main] com.zaxxer.hikari.pool.HikariPool        : HikariPool-1 - Added connection com.mysql.cj.jdbc.ConnectionImpl@71dd4624
2026-06-04T22:20:04.330+08:00  INFO 33364 --- [classic-reading] [           main] com.zaxxer.hikari.HikariDataSource       : HikariPool-1 - Start completed.
2026-06-04T22:20:04.420+08:00  WARN 33364 --- [classic-reading] [           main] org.hibernate.orm.deprecation            : HHH90000025: MySQLDialect does not need to be specified explicitly using 'hibernate.dialect' (remove the property setting and it will be selected by default)
2026-06-04T22:20:05.418+08:00  INFO 33364 --- [classic-reading] [           main] o.h.e.t.j.p.i.JtaPlatformInitiator       : HHH000489: No JTA platform available (set 'hibernate.transaction.jta.platform' to enable JTA platform integration)
Hibernate: 
    alter table conversation 
       add column category varchar(255)
2026-06-04T22:20:05.718+08:00  INFO 33364 --- [classic-reading] [           main] j.LocalContainerEntityManagerFactoryBean : Initialized JPA EntityManagerFactory for persistence unit 'default'
2026-06-04T22:20:06.328+08:00  WARN 33364 --- [classic-reading] [           main] JpaBaseConfiguration$JpaWebConfiguration : spring.jpa.open-in-view is enabled by default. Therefore, database queries may be performed during view rendering. Explicitly configure spring.jpa.open-in-view to disable this warning
2026-06-04T22:20:06.598+08:00  INFO 33364 --- [classic-reading] [           main] o.s.d.j.r.query.QueryEnhancerFactory     : Hibernate is in classpath; If applicable, HQL parser will be used.
2026-06-04T22:20:07.321+08:00  INFO 33364 --- [classic-reading] [           main] o.s.b.a.w.s.WelcomePageHandlerMapping    : Adding welcome page: class path resource [static/index.html]
2026-06-04T22:20:07.549+08:00  INFO 33364 --- [classic-reading] [           main] o.s.s.web.DefaultSecurityFilterChain     : Will secure any request with [org.springframework.security.web.session.DisableEncodeUrlFilter@47b4fcd5, org.springframework.security.web.context.request.async.WebAsyncManagerIntegrationFilter@67d6b0a6, org.springframework.security.web.context.SecurityContextHolderFilter@35f34ccc, org.springframework.security.web.header.HeaderWriterFilter@7d487147, org.springframework.web.filter.CorsFilter@42a940dc, org.springframework.security.web.authentication.logout.LogoutFilter@75b57ecd, com.example.classicreading.filter.JwtAuthenticationFilter@6c930e7e, org.springframework.security.web.savedrequest.RequestCacheAwareFilter@62a5e4c7, org.springframework.security.web.servletapi.SecurityContextHolderAwareRequestFilter@62325b44, org.springframework.security.web.authentication.AnonymousAuthenticationFilter@4619e076, org.springframework.security.web.session.SessionManagementFilter@3ce34b92, org.springframework.security.web.access.ExceptionTranslationFilter@7985c32f, org.springframework.security.web.access.intercept.AuthorizationFilter@34329e03]
2026-06-04T22:20:08.009+08:00  INFO 33364 --- [classic-reading] [           main] o.s.b.w.embedded.tomcat.TomcatWebServer  : Tomcat started on port 8080 (http) with context path ''
2026-06-04T22:20:08.034+08:00  INFO 33364 --- [classic-reading] [           main] c.e.c.ClassicReadingApplication          : Started ClassicReadingApplication in 7.108 seconds (process running for 7.782)
Hibernate: 
    select
        count(*) 
    from
        category c1_0
Ó¦ÓĂĆô¶ŻÍęłÉŁ¬ĘýľÝµĽČë´¦Ŕí˝áĘřŁ¨Íâ˛żµĽČëŇŃĚřąýŁ©
2026-06-04T22:26:51.228+08:00  INFO 33364 --- [classic-reading] [nio-8080-exec-1] o.a.c.c.C.[Tomcat].[localhost].[/]       : Initializing Spring DispatcherServlet 'dispatcherServlet'
2026-06-04T22:26:51.230+08:00  INFO 33364 --- [classic-reading] [nio-8080-exec-1] o.s.web.servlet.DispatcherServlet        : Initializing Servlet 'dispatcherServlet'
2026-06-04T22:26:51.231+08:00  INFO 33364 --- [classic-reading] [nio-8080-exec-1] o.s.web.servlet.DispatcherServlet        : Completed initialization in 1 ms
2026-06-04T22:26:51.251+08:00  WARN 33364 --- [classic-reading] [nio-8080-exec-1] o.s.w.s.h.HandlerMappingIntrospector     : Cache miss for REQUEST dispatch to '/api/community/conversations' (previous null). Performing MatchableHandlerMapping lookup. This is logged once only at WARN level, and every time at TRACE.
Hibernate: 
    select
        c1_0.id,
        c1_0.ai_reply,
        c1_0.category,
        c1_0.content,
        c1_0.created_at,
        c1_0.title,
        c1_0.type,
        c1_0.updated_at,
        c1_0.user_id,
        c1_0.user_message 
    from
        conversation c1_0 
    where
        c1_0.type=? 
    order by
        c1_0.created_at desc,
        c1_0.created_at desc 
    limit
        ?, ?
2026-06-04T22:26:51.366+08:00  WARN 33364 --- [classic-reading] [nio-8080-exec-1] com.zaxxer.hikari.pool.PoolBase          : HikariPool-1 - Failed to validate connection com.mysql.cj.jdbc.ConnectionImpl@71dd4624 (No operations allowed after connection closed.). Possibly consider using a shorter maxLifetime value.
2026-06-04T22:26:51.367+08:00  WARN 33364 --- [classic-reading] [nio-8080-exec-1] com.zaxxer.hikari.pool.PoolBase          : HikariPool-1 - Failed to validate connection com.mysql.cj.jdbc.ConnectionImpl@308f25ea (No operations allowed after connection closed.). Possibly consider using a shorter maxLifetime value.
2026-06-04T22:26:51.368+08:00  WARN 33364 --- [classic-reading] [nio-8080-exec-1] com.zaxxer.hikari.pool.PoolBase          : HikariPool-1 - Failed to validate connection com.mysql.cj.jdbc.ConnectionImpl@2260256f (No operations allowed after connection closed.). Possibly consider using a shorter maxLifetime value.
2026-06-04T22:26:51.369+08:00  WARN 33364 --- [classic-reading] [nio-8080-exec-1] com.zaxxer.hikari.pool.PoolBase          : HikariPool-1 - Failed to validate connection com.mysql.cj.jdbc.ConnectionImpl@736218bd (No operations allowed after connection closed.). Possibly consider using a shorter maxLifetime value.
2026-06-04T22:26:51.372+08:00  WARN 33364 --- [classic-reading] [nio-8080-exec-1] com.zaxxer.hikari.pool.PoolBase          : HikariPool-1 - Failed to validate connection com.mysql.cj.jdbc.ConnectionImpl@3405a9d0 (No operations allowed after connection closed.). Possibly consider using a shorter maxLifetime value.
2026-06-04T22:26:51.374+08:00  WARN 33364 --- [classic-reading] [nio-8080-exec-1] com.zaxxer.hikari.pool.PoolBase          : HikariPool-1 - Failed to validate connection com.mysql.cj.jdbc.ConnectionImpl@7d6c6acf (No operations allowed after connection closed.). Possibly consider using a shorter maxLifetime value.
2026-06-04T22:26:51.375+08:00  WARN 33364 --- [classic-reading] [nio-8080-exec-1] com.zaxxer.hikari.pool.PoolBase          : HikariPool-1 - Failed to validate connection com.mysql.cj.jdbc.ConnectionImpl@5e847350 (No operations allowed after connection closed.). Possibly consider using a shorter maxLifetime value.
2026-06-04T22:26:51.376+08:00  WARN 33364 --- [classic-reading] [nio-8080-exec-1] com.zaxxer.hikari.pool.PoolBase          : HikariPool-1 - Failed to validate connection com.mysql.cj.jdbc.ConnectionImpl@3d403fcd (No operations allowed after connection closed.). Possibly consider using a shorter maxLifetime value.
2026-06-04T22:26:51.377+08:00  WARN 33364 --- [classic-reading] [nio-8080-exec-1] com.zaxxer.hikari.pool.PoolBase          : HikariPool-1 - Failed to validate connection com.mysql.cj.jdbc.ConnectionImpl@24924a9c (No operations allowed after connection closed.). Possibly consider using a shorter maxLifetime value.
2026-06-04T22:26:51.378+08:00  WARN 33364 --- [classic-reading] [nio-8080-exec-1] com.zaxxer.hikari.pool.PoolBase          : HikariPool-1 - Failed to validate connection com.mysql.cj.jdbc.ConnectionImpl@3ab666d3 (No operations allowed after connection closed.). Possibly consider using a shorter maxLifetime value.
Hibernate: 
    select
        u1_0.id,
        u1_0.created_at,
        u1_0.email,
        u1_0.password,
        u1_0.role,
        u1_0.username 
    from
        users u1_0 
    where
        u1_0.id=?
Hibernate: 
    select
        m1_0.conversation_id,
        m1_0.id,
        m1_0.content,
        m1_0.created_at,
        m1_0.role,
        u1_0.id,
        u1_0.created_at,
        u1_0.email,
        u1_0.password,
        u1_0.role,
        u1_0.username 
    from
        message m1_0 
    left join
        users u1_0 
            on u1_0.id=m1_0.user_id 
    where
        m1_0.conversation_id=?
Hibernate: 
    select
        m1_0.conversation_id,
        m1_0.id,
        m1_0.content,
        m1_0.created_at,
        m1_0.role,
        u1_0.id,
        u1_0.created_at,
        u1_0.email,
        u1_0.password,
        u1_0.role,
        u1_0.username 
    from
        message m1_0 
    left join
        users u1_0 
            on u1_0.id=m1_0.user_id 
    where
        m1_0.conversation_id=?
Hibernate: 
    select
        m1_0.conversation_id,
        m1_0.id,
        m1_0.content,
        m1_0.created_at,
        m1_0.role,
        u1_0.id,
        u1_0.created_at,
        u1_0.email,
        u1_0.password,
        u1_0.role,
        u1_0.username 
    from
        message m1_0 
    left join
        users u1_0 
            on u1_0.id=m1_0.user_id 
    where
        m1_0.conversation_id=?
Hibernate: 
    select
        m1_0.conversation_id,
        m1_0.id,
        m1_0.content,
        m1_0.created_at,
        m1_0.role,
        u1_0.id,
        u1_0.created_at,
        u1_0.email,
        u1_0.password,
        u1_0.role,
        u1_0.username 
    from
        message m1_0 
    left join
        users u1_0 
            on u1_0.id=m1_0.user_id 
    where
        m1_0.conversation_id=?
Hibernate: 
    select
        m1_0.conversation_id,
        m1_0.id,
        m1_0.content,
        m1_0.created_at,
        m1_0.role,
        u1_0.id,
        u1_0.created_at,
        u1_0.email,
        u1_0.password,
        u1_0.role,
        u1_0.username 
    from
        message m1_0 
    left join
        users u1_0 
            on u1_0.id=m1_0.user_id 
    where
        m1_0.conversation_id=?
Hibernate: 
    select
        m1_0.conversation_id,
        m1_0.id,
        m1_0.content,
        m1_0.created_at,
        m1_0.role,
        u1_0.id,
        u1_0.created_at,
        u1_0.email,
        u1_0.password,
        u1_0.role,
        u1_0.username 
    from
        message m1_0 
    left join
        users u1_0 
            on u1_0.id=m1_0.user_id 
    where
        m1_0.conversation_id=?
Hibernate: 
    select
        c1_0.id,
        c1_0.ai_reply,
        c1_0.category,
        c1_0.content,
        c1_0.created_at,
        c1_0.title,
        c1_0.type,
        c1_0.updated_at,
        c1_0.user_id,
        c1_0.user_message 
    from
        conversation c1_0 
    where
        c1_0.type=? 
    order by
        c1_0.created_at desc,
        c1_0.created_at desc 
    limit
        ?, ?
Hibernate: 
    select
        u1_0.id,
        u1_0.created_at,
        u1_0.email,
        u1_0.password,
        u1_0.role,
        u1_0.username 
    from
        users u1_0 
    where
        u1_0.id=?
Hibernate: 
    select
        count(c1_0.id) 
    from
        conversation c1_0 
    where
        c1_0.type=?
Hibernate: 
    select
        m1_0.conversation_id,
        m1_0.id,
        m1_0.content,
        m1_0.created_at,
        m1_0.role,
        u1_0.id,
        u1_0.created_at,
        u1_0.email,
        u1_0.password,
        u1_0.role,
        u1_0.username 
    from
        message m1_0 
    left join
        users u1_0 
            on u1_0.id=m1_0.user_id 
    where
        m1_0.conversation_id=?
Hibernate: 
    select
        m1_0.conversation_id,
        m1_0.id,
        m1_0.content,
        m1_0.created_at,
        m1_0.role,
        u1_0.id,
        u1_0.created_at,
        u1_0.email,
        u1_0.password,
        u1_0.role,
        u1_0.username 
    from
        message m1_0 
    left join
        users u1_0 
            on u1_0.id=m1_0.user_id 
    where
        m1_0.conversation_id=?
Hibernate: 
    select
        m1_0.conversation_id,
        m1_0.id,
        m1_0.content,
        m1_0.created_at,
        m1_0.role,
        u1_0.id,
        u1_0.created_at,
        u1_0.email,
        u1_0.password,
        u1_0.role,
        u1_0.username 
    from
        message m1_0 
    left join
        users u1_0 
            on u1_0.id=m1_0.user_id 
    where
        m1_0.conversation_id=?
Hibernate: 
    select
        m1_0.conversation_id,
        m1_0.id,
        m1_0.content,
        m1_0.created_at,
        m1_0.role,
        u1_0.id,
        u1_0.created_at,
        u1_0.email,
        u1_0.password,
        u1_0.role,
        u1_0.username 
    from
        message m1_0 
    left join
        users u1_0 
            on u1_0.id=m1_0.user_id 
    where
        m1_0.conversation_id=?
Hibernate: 
    select
        m1_0.conversation_id,
        m1_0.id,
        m1_0.content,
        m1_0.created_at,
        m1_0.role,
        u1_0.id,
        u1_0.created_at,
        u1_0.email,
        u1_0.password,
        u1_0.role,
        u1_0.username 
    from
        message m1_0 
    left join
        users u1_0 
            on u1_0.id=m1_0.user_id 
    where
        m1_0.conversation_id=?
Hibernate: 
    select
        c1_0.id,
        c1_0.ai_reply,
        c1_0.category,
        c1_0.content,
        c1_0.created_at,
        c1_0.title,
        c1_0.type,
        c1_0.updated_at,
        c1_0.user_id,
        c1_0.user_message 
    from
        conversation c1_0 
    where
        c1_0.type=? 
    order by
        c1_0.created_at desc,
        c1_0.created_at desc 
    limit
        ?, ?
Hibernate: 
    select
        u1_0.id,
        u1_0.created_at,
        u1_0.email,
        u1_0.password,
        u1_0.role,
        u1_0.username 
    from
        users u1_0 
    where
        u1_0.id=?
Hibernate: 
    select
        count(c1_0.id) 
    from
        conversation c1_0 
    where
        c1_0.type=?
Hibernate: 
    select
        m1_0.conversation_id,
        m1_0.id,
        m1_0.content,
        m1_0.created_at,
        m1_0.role,
        u1_0.id,
        u1_0.created_at,
        u1_0.email,
        u1_0.password,
        u1_0.role,
        u1_0.username 
    from
        message m1_0 
    left join
        users u1_0 
            on u1_0.id=m1_0.user_id 
    where
        m1_0.conversation_id=?
Hibernate: 
    select
        c1_0.id,
        c1_0.description,
        c1_0.name 
    from
        category c1_0
Hibernate: 
    select
        b1_0.id,
        b1_0.author,
        b1_0.author_url,
        b1_0.category_id,
        b1_0.cover_url,
        b1_0.description,
        b1_0.dynasty,
        b1_0.title 
    from
        book b1_0
Hibernate: 
    select
        c1_0.id,
        c1_0.ai_reply,
        c1_0.category,
        c1_0.content,
        c1_0.created_at,
        c1_0.title,
        c1_0.type,
        c1_0.updated_at,
        c1_0.user_id,
        c1_0.user_message 
    from
        conversation c1_0 
    where
        c1_0.type=? 
    order by
        c1_0.created_at desc,
        c1_0.created_at desc 
    limit
        ?, ?
Hibernate: 
    select
        u1_0.id,
        u1_0.created_at,
        u1_0.email,
        u1_0.password,
        u1_0.role,
        u1_0.username 
    from
        users u1_0 
    where
        u1_0.id=?
Hibernate: 
    select
        count(c1_0.id) 
    from
        conversation c1_0 
    where
        c1_0.type=?
Hibernate: 
    select
        m1_0.conversation_id,
        m1_0.id,
        m1_0.content,
        m1_0.created_at,
        m1_0.role,
        u1_0.id,
        u1_0.created_at,
        u1_0.email,
        u1_0.password,
        u1_0.role,
        u1_0.username 
    from
        message m1_0 
    left join
        users u1_0 
            on u1_0.id=m1_0.user_id 
    where
        m1_0.conversation_id=?
Hibernate: 
    select
        m1_0.conversation_id,
        m1_0.id,
        m1_0.content,
        m1_0.created_at,
        m1_0.role,
        u1_0.id,
        u1_0.created_at,
        u1_0.email,
        u1_0.password,
        u1_0.role,
        u1_0.username 
    from
        message m1_0 
    left join
        users u1_0 
            on u1_0.id=m1_0.user_id 
    where
        m1_0.conversation_id=?
Hibernate: 
    select
        m1_0.conversation_id,
        m1_0.id,
        m1_0.content,
        m1_0.created_at,
        m1_0.role,
        u1_0.id,
        u1_0.created_at,
        u1_0.email,
        u1_0.password,
        u1_0.role,
        u1_0.username 
    from
        message m1_0 
    left join
        users u1_0 
            on u1_0.id=m1_0.user_id 
    where
        m1_0.conversation_id=?
Hibernate: 
    select
        m1_0.conversation_id,
        m1_0.id,
        m1_0.content,
        m1_0.created_at,
        m1_0.role,
        u1_0.id,
        u1_0.created_at,
        u1_0.email,
        u1_0.password,
        u1_0.role,
        u1_0.username 
    from
        message m1_0 
    left join
        users u1_0 
            on u1_0.id=m1_0.user_id 
    where
        m1_0.conversation_id=?
Hibernate: 
    select
        m1_0.conversation_id,
        m1_0.id,
        m1_0.content,
        m1_0.created_at,
        m1_0.role,
        u1_0.id,
        u1_0.created_at,
        u1_0.email,
        u1_0.password,
        u1_0.role,
        u1_0.username 
    from
        message m1_0 
    left join
        users u1_0 
            on u1_0.id=m1_0.user_id 
    where
        m1_0.conversation_id=?
Hibernate: 
    select
        c1_0.id,
        c1_0.ai_reply,
        c1_0.category,
        c1_0.content,
        c1_0.created_at,
        c1_0.title,
        c1_0.type,
        c1_0.updated_at,
        c1_0.user_id,
        c1_0.user_message 
    from
        conversation c1_0 
    where
        c1_0.type=? 
    order by
        c1_0.created_at desc,
        c1_0.created_at desc 
    limit
        ?, ?
Hibernate: 
    select
        u1_0.id,
        u1_0.created_at,
        u1_0.email,
        u1_0.password,
        u1_0.role,
        u1_0.username 
    from
        users u1_0 
    where
        u1_0.id=?
Hibernate: 
    select
        m1_0.conversation_id,
        m1_0.id,
        m1_0.content,
        m1_0.created_at,
        m1_0.role,
        u1_0.id,
        u1_0.created_at,
        u1_0.email,
        u1_0.password,
        u1_0.role,
        u1_0.username 
    from
        message m1_0 
    left join
        users u1_0 
            on u1_0.id=m1_0.user_id 
    where
        m1_0.conversation_id=?
Hibernate: 
    select
        m1_0.conversation_id,
        m1_0.id,
        m1_0.content,
        m1_0.created_at,
        m1_0.role,
        u1_0.id,
        u1_0.created_at,
        u1_0.email,
        u1_0.password,
        u1_0.role,
        u1_0.username 
    from
        message m1_0 
    left join
        users u1_0 
            on u1_0.id=m1_0.user_id 
    where
        m1_0.conversation_id=?
Hibernate: 
    select
        m1_0.conversation_id,
        m1_0.id,
        m1_0.content,
        m1_0.created_at,
        m1_0.role,
        u1_0.id,
        u1_0.created_at,
        u1_0.email,
        u1_0.password,
        u1_0.role,
        u1_0.username 
    from
        message m1_0 
    left join
        users u1_0 
            on u1_0.id=m1_0.user_id 
    where
        m1_0.conversation_id=?
Hibernate: 
    select
        m1_0.conversation_id,
        m1_0.id,
        m1_0.content,
        m1_0.created_at,
        m1_0.role,
        u1_0.id,
        u1_0.created_at,
        u1_0.email,
        u1_0.password,
        u1_0.role,
        u1_0.username 
    from
        message m1_0 
    left join
        users u1_0 
            on u1_0.id=m1_0.user_id 
    where
        m1_0.conversation_id=?
Hibernate: 
    select
        m1_0.conversation_id,
        m1_0.id,
        m1_0.content,
        m1_0.created_at,
        m1_0.role,
        u1_0.id,
        u1_0.created_at,
        u1_0.email,
        u1_0.password,
        u1_0.role,
        u1_0.username 
    from
        message m1_0 
    left join
        users u1_0 
            on u1_0.id=m1_0.user_id 
    where
        m1_0.conversation_id=?
Hibernate: 
    select
        m1_0.conversation_id,
        m1_0.id,
        m1_0.content,
        m1_0.created_at,
        m1_0.role,
        u1_0.id,
        u1_0.created_at,
        u1_0.email,
        u1_0.password,
        u1_0.role,
        u1_0.username 
    from
        message m1_0 
    left join
        users u1_0 
            on u1_0.id=m1_0.user_id 
    where
        m1_0.conversation_id=?
Hibernate: 
    select
        c1_0.id,
        c1_0.ai_reply,
        c1_0.category,
        c1_0.content,
        c1_0.created_at,
        c1_0.title,
        c1_0.type,
        c1_0.updated_at,
        c1_0.user_id,
        u1_0.id,
        u1_0.created_at,
        u1_0.email,
        u1_0.password,
        u1_0.role,
        u1_0.username,
        c1_0.user_message 
    from
        conversation c1_0 
    join
        users u1_0 
            on u1_0.id=c1_0.user_id 
    where
        c1_0.id=?
Hibernate: 
    select
        m1_0.conversation_id,
        m1_0.id,
        m1_0.content,
        m1_0.created_at,
        m1_0.role,
        u1_0.id,
        u1_0.created_at,
        u1_0.email,
        u1_0.password,
        u1_0.role,
        u1_0.username 
    from
        message m1_0 
    left join
        users u1_0 
            on u1_0.id=m1_0.user_id 
    where
        m1_0.conversation_id=?
ˇľJWTµ÷ĘÔˇż˝âÎöµĂµ˝ÓĂ»§ĂűŁş123
ˇľJWTµ÷ĘÔˇż˝âÎöµĂµ˝ÓĂ»§ĂűŁş123
Hibernate: 
    select
        u1_0.id,
        u1_0.created_at,
        u1_0.email,
        u1_0.password,
        u1_0.role,
        u1_0.username 
    from
        users u1_0 
    where
        u1_0.username=?
Hibernate: 
    select
        u1_0.id,
        u1_0.created_at,
        u1_0.email,
        u1_0.password,
        u1_0.role,
        u1_0.username 
    from
        users u1_0 
    where
        u1_0.username=?
ˇľJWTµ÷ĘÔˇżÓĂ»§ČĎÖ¤łÉą¦Łş123
ˇľJWTµ÷ĘÔˇżÓĂ»§ČĎÖ¤łÉą¦Łş123
Hibernate: 
    select
        c1_0.id,
        c1_0.description,
        c1_0.name 
    from
        category c1_0
Hibernate: 
    select
        u1_0.id,
        u1_0.created_at,
        u1_0.email,
        u1_0.password,
        u1_0.role,
        u1_0.username 
    from
        users u1_0 
    where
        u1_0.username=?
Hibernate: 
    select
        c1_0.id,
        c1_0.ai_reply,
        c1_0.category,
        c1_0.content,
        c1_0.created_at,
        c1_0.title,
        c1_0.type,
        c1_0.updated_at,
        c1_0.user_id,
        c1_0.user_message 
    from
        conversation c1_0 
    where
        c1_0.user_id=? 
        and c1_0.type=? 
    order by
        c1_0.created_at desc
Hibernate: 
    select
        m1_0.conversation_id,
        m1_0.id,
        m1_0.content,
        m1_0.created_at,
        m1_0.role,
        u1_0.id,
        u1_0.created_at,
        u1_0.email,
        u1_0.password,
        u1_0.role,
        u1_0.username 
    from
        message m1_0 
    left join
        users u1_0 
            on u1_0.id=m1_0.user_id 
    where
        m1_0.conversation_id=?
ˇľJWTµ÷ĘÔˇż˝âÎöµĂµ˝ÓĂ»§ĂűŁş123
Hibernate: 
    select
        u1_0.id,
        u1_0.created_at,
        u1_0.email,
        u1_0.password,
        u1_0.role,
        u1_0.username 
    from
        users u1_0 
    where
        u1_0.username=?
Hibernate: 
    select
        m1_0.conversation_id,
        m1_0.id,
        m1_0.content,
        m1_0.created_at,
        m1_0.role,
        u1_0.id,
        u1_0.created_at,
        u1_0.email,
        u1_0.password,
        u1_0.role,
        u1_0.username 
    from
        message m1_0 
    left join
        users u1_0 
            on u1_0.id=m1_0.user_id 
    where
        m1_0.conversation_id=?
ˇľJWTµ÷ĘÔˇżÓĂ»§ČĎÖ¤łÉą¦Łş123
Hibernate: 
    select
        m1_0.conversation_id,
        m1_0.id,
        m1_0.content,
        m1_0.created_at,
        m1_0.role,
        u1_0.id,
        u1_0.created_at,
        u1_0.email,
        u1_0.password,
        u1_0.role,
        u1_0.username 
    from
        message m1_0 
    left join
        users u1_0 
            on u1_0.id=m1_0.user_id 
    where
        m1_0.conversation_id=?
Hibernate: 
    select
        m1_0.conversation_id,
        m1_0.id,
        m1_0.content,
        m1_0.created_at,
        m1_0.role,
        u1_0.id,
        u1_0.created_at,
        u1_0.email,
        u1_0.password,
        u1_0.role,
        u1_0.username 
    from
        message m1_0 
    left join
        users u1_0 
            on u1_0.id=m1_0.user_id 
    where
        m1_0.conversation_id=?
Hibernate: 
    select
        m1_0.conversation_id,
        m1_0.id,
        m1_0.content,
        m1_0.created_at,
        m1_0.role,
        u1_0.id,
        u1_0.created_at,
        u1_0.email,
        u1_0.password,
        u1_0.role,
        u1_0.username 
    from
        message m1_0 
    left join
        users u1_0 
            on u1_0.id=m1_0.user_id 
    where
        m1_0.conversation_id=?
Hibernate: 
    select
        m1_0.conversation_id,
        m1_0.id,
        m1_0.content,
        m1_0.created_at,
        m1_0.role,
        u1_0.id,
        u1_0.created_at,
        u1_0.email,
        u1_0.password,
        u1_0.role,
        u1_0.username 
    from
        message m1_0 
    left join
        users u1_0 
            on u1_0.id=m1_0.user_id 
    where
        m1_0.conversation_id=?
Hibernate: 
    select
        m1_0.conversation_id,
        m1_0.id,
        m1_0.content,
        m1_0.created_at,
        m1_0.role,
        u1_0.id,
        u1_0.created_at,
        u1_0.email,
        u1_0.password,
        u1_0.role,
        u1_0.username 
    from
        message m1_0 
    left join
        users u1_0 
            on u1_0.id=m1_0.user_id 
    where
        m1_0.conversation_id=?
Hibernate: 
    select
        b1_0.id,
        b1_0.author,
        b1_0.author_url,
        b1_0.category_id,
        b1_0.cover_url,
        b1_0.description,
        b1_0.dynasty,
        b1_0.title 
    from
        book b1_0 
    where
        b1_0.title like ? escape '\\' 
        or b1_0.author like ? escape '\\' 
        or b1_0.author_url like ? escape '\\'
Hibernate: 
    select
        m1_0.conversation_id,
        m1_0.id,
        m1_0.content,
        m1_0.created_at,
        m1_0.role,
        u1_0.id,
        u1_0.created_at,
        u1_0.email,
        u1_0.password,
        u1_0.role,
        u1_0.username 
    from
        message m1_0 
    left join
        users u1_0 
            on u1_0.id=m1_0.user_id 
    where
        m1_0.conversation_id=?
Hibernate: 
    select
        m1_0.conversation_id,
        m1_0.id,
        m1_0.content,
        m1_0.created_at,
        m1_0.role,
        u1_0.id,
        u1_0.created_at,
        u1_0.email,
        u1_0.password,
        u1_0.role,
        u1_0.username 
    from
        message m1_0 
    left join
        users u1_0 
            on u1_0.id=m1_0.user_id 
    where
        m1_0.conversation_id=?
Hibernate: 
    select
        m1_0.conversation_id,
        m1_0.id,
        m1_0.content,
        m1_0.created_at,
        m1_0.role,
        u1_0.id,
        u1_0.created_at,
        u1_0.email,
        u1_0.password,
        u1_0.role,
        u1_0.username 
    from
        message m1_0 
    left join
        users u1_0 
            on u1_0.id=m1_0.user_id 
    where
        m1_0.conversation_id=?
Hibernate: 
    select
        m1_0.conversation_id,
        m1_0.id,
        m1_0.content,
        m1_0.created_at,
        m1_0.role,
        u1_0.id,
        u1_0.created_at,
        u1_0.email,
        u1_0.password,
        u1_0.role,
        u1_0.username 
    from
        message m1_0 
    left join
        users u1_0 
            on u1_0.id=m1_0.user_id 
    where
        m1_0.conversation_id=?
Hibernate: 
    select
        m1_0.conversation_id,
        m1_0.id,
        m1_0.content,
        m1_0.created_at,
        m1_0.role,
        u1_0.id,
        u1_0.created_at,
        u1_0.email,
        u1_0.password,
        u1_0.role,
        u1_0.username 
    from
        message m1_0 
    left join
        users u1_0 
            on u1_0.id=m1_0.user_id 
    where
        m1_0.conversation_id=?
ˇľJWTµ÷ĘÔˇż˝âÎöµĂµ˝ÓĂ»§ĂűŁş123
Hibernate: 
    select
        u1_0.id,
        u1_0.created_at,
        u1_0.email,
        u1_0.password,
        u1_0.role,
        u1_0.username 
    from
        users u1_0 
    where
        u1_0.username=?
ˇľJWTµ÷ĘÔˇżÓĂ»§ČĎÖ¤łÉą¦Łş123
Hibernate: 
    select
        c1_0.id,
        c1_0.ai_reply,
        c1_0.category,
        c1_0.content,
        c1_0.created_at,
        c1_0.title,
        c1_0.type,
        c1_0.updated_at,
        c1_0.user_id,
        c1_0.user_message 
    from
        conversation c1_0 
    where
        c1_0.type=? 
    order by
        c1_0.created_at desc,
        c1_0.created_at desc 
    limit
        ?, ?
Hibernate: 
    select
        u1_0.id,
        u1_0.created_at,
        u1_0.email,
        u1_0.password,
        u1_0.role,
        u1_0.username 
    from
        users u1_0 
    where
        u1_0.id=?
Hibernate: 
    select
        m1_0.conversation_id,
        m1_0.id,
        m1_0.content,
        m1_0.created_at,
        m1_0.role,
        u1_0.id,
        u1_0.created_at,
        u1_0.email,
        u1_0.password,
        u1_0.role,
        u1_0.username 
    from
        message m1_0 
    left join
        users u1_0 
            on u1_0.id=m1_0.user_id 
    where
        m1_0.conversation_id=?
Hibernate: 
    select
        m1_0.conversation_id,
        m1_0.id,
        m1_0.content,
        m1_0.created_at,
        m1_0.role,
        u1_0.id,
        u1_0.created_at,
        u1_0.email,
        u1_0.password,
        u1_0.role,
        u1_0.username 
    from
        message m1_0 
    left join
        users u1_0 
            on u1_0.id=m1_0.user_id 
    where
        m1_0.conversation_id=?
Hibernate: 
    select
        m1_0.conversation_id,
        m1_0.id,
        m1_0.content,
        m1_0.created_at,
        m1_0.role,
        u1_0.id,
        u1_0.created_at,
        u1_0.email,
        u1_0.password,
        u1_0.role,
        u1_0.username 
    from
        message m1_0 
    left join
        users u1_0 
            on u1_0.id=m1_0.user_id 
    where
        m1_0.conversation_id=?
Hibernate: 
    select
        m1_0.conversation_id,
        m1_0.id,
        m1_0.content,
        m1_0.created_at,
        m1_0.role,
        u1_0.id,
        u1_0.created_at,
        u1_0.email,
        u1_0.password,
        u1_0.role,
        u1_0.username 
    from
        message m1_0 
    left join
        users u1_0 
            on u1_0.id=m1_0.user_id 
    where
        m1_0.conversation_id=?
Hibernate: 
    select
        m1_0.conversation_id,
        m1_0.id,
        m1_0.content,
        m1_0.created_at,
        m1_0.role,
        u1_0.id,
        u1_0.created_at,
        u1_0.email,
        u1_0.password,
        u1_0.role,
        u1_0.username 
    from
        message m1_0 
    left join
        users u1_0 
            on u1_0.id=m1_0.user_id 
    where
        m1_0.conversation_id=?
Hibernate: 
    select
        m1_0.conversation_id,
        m1_0.id,
        m1_0.content,
        m1_0.created_at,
        m1_0.role,
        u1_0.id,
        u1_0.created_at,
        u1_0.email,
        u1_0.password,
        u1_0.role,
        u1_0.username 
    from
        message m1_0 
    left join
        users u1_0 
            on u1_0.id=m1_0.user_id 
    where
        m1_0.conversation_id=?
ˇľJWTµ÷ĘÔˇż˝âÎöµĂµ˝ÓĂ»§ĂűŁş123
Hibernate: 
    select
        u1_0.id,
        u1_0.created_at,
        u1_0.email,
        u1_0.password,
        u1_0.role,
        u1_0.username 
    from
        users u1_0 
    where
        u1_0.username=?
ˇľJWTµ÷ĘÔˇżÓĂ»§ČĎÖ¤łÉą¦Łş123
Hibernate: 
    select
        c1_0.id,
        c1_0.ai_reply,
        c1_0.category,
        c1_0.content,
        c1_0.created_at,
        c1_0.title,
        c1_0.type,
        c1_0.updated_at,
        c1_0.user_id,
        u1_0.id,
        u1_0.created_at,
        u1_0.email,
        u1_0.password,
        u1_0.role,
        u1_0.username,
        c1_0.user_message 
    from
        conversation c1_0 
    join
        users u1_0 
            on u1_0.id=c1_0.user_id 
    where
        c1_0.id=?
Hibernate: 
    select
        m1_0.conversation_id,
        m1_0.id,
        m1_0.content,
        m1_0.created_at,
        m1_0.role,
        u1_0.id,
        u1_0.created_at,
        u1_0.email,
        u1_0.password,
        u1_0.role,
        u1_0.username 
    from
        message m1_0 
    left join
        users u1_0 
            on u1_0.id=m1_0.user_id 
    where
        m1_0.conversation_id=?
2026-06-04T22:30:32.010+08:00  WARN 33364 --- [classic-reading] [nio-8080-exec-7] com.zaxxer.hikari.pool.PoolBase          : HikariPool-1 - Failed to validate connection com.mysql.cj.jdbc.ConnectionImpl@31c83b9e (No operations allowed after connection closed.). Possibly consider using a shorter maxLifetime value.
2026-06-04T22:30:32.015+08:00  WARN 33364 --- [classic-reading] [nio-8080-exec-7] com.zaxxer.hikari.pool.PoolBase          : HikariPool-1 - Failed to validate connection com.mysql.cj.jdbc.ConnectionImpl@4a529617 (No operations allowed after connection closed.). Possibly consider using a shorter maxLifetime value.
2026-06-04T22:30:32.015+08:00  WARN 33364 --- [classic-reading] [nio-8080-exec-7] com.zaxxer.hikari.pool.PoolBase          : HikariPool-1 - Failed to validate connection com.mysql.cj.jdbc.ConnectionImpl@6958d84c (No operations allowed after connection closed.). Possibly consider using a shorter maxLifetime value.
2026-06-04T22:30:32.016+08:00  WARN 33364 --- [classic-reading] [nio-8080-exec-7] com.zaxxer.hikari.pool.PoolBase          : HikariPool-1 - Failed to validate connection com.mysql.cj.jdbc.ConnectionImpl@19bc1a32 (No operations allowed after connection closed.). Possibly consider using a shorter maxLifetime value.
2026-06-04T22:30:32.018+08:00  WARN 33364 --- [classic-reading] [nio-8080-exec-7] com.zaxxer.hikari.pool.PoolBase          : HikariPool-1 - Failed to validate connection com.mysql.cj.jdbc.ConnectionImpl@7a4a0623 (No operations allowed after connection closed.). Possibly consider using a shorter maxLifetime value.
2026-06-04T22:30:32.018+08:00  WARN 33364 --- [classic-reading] [nio-8080-exec-7] com.zaxxer.hikari.pool.PoolBase          : HikariPool-1 - Failed to validate connection com.mysql.cj.jdbc.ConnectionImpl@24f6d553 (No operations allowed after connection closed.). Possibly consider using a shorter maxLifetime value.
2026-06-04T22:30:32.019+08:00  WARN 33364 --- [classic-reading] [nio-8080-exec-7] com.zaxxer.hikari.pool.PoolBase          : HikariPool-1 - Failed to validate connection com.mysql.cj.jdbc.ConnectionImpl@b43e339 (No operations allowed after connection closed.). Possibly consider using a shorter maxLifetime value.
2026-06-04T22:30:32.020+08:00  WARN 33364 --- [classic-reading] [nio-8080-exec-7] com.zaxxer.hikari.pool.PoolBase          : HikariPool-1 - Failed to validate connection com.mysql.cj.jdbc.ConnectionImpl@72d715e9 (No operations allowed after connection closed.). Possibly consider using a shorter maxLifetime value.
2026-06-04T22:30:32.021+08:00  WARN 33364 --- [classic-reading] [nio-8080-exec-7] com.zaxxer.hikari.pool.PoolBase          : HikariPool-1 - Failed to validate connection com.mysql.cj.jdbc.ConnectionImpl@58067e8e (No operations allowed after connection closed.). Possibly consider using a shorter maxLifetime value.
2026-06-04T22:30:32.022+08:00  WARN 33364 --- [classic-reading] [nio-8080-exec-7] com.zaxxer.hikari.pool.PoolBase          : HikariPool-1 - Failed to validate connection com.mysql.cj.jdbc.ConnectionImpl@4a487490 (No operations allowed after connection closed.). Possibly consider using a shorter maxLifetime value.
Hibernate: 
    select
        c1_0.id,
        c1_0.ai_reply,
        c1_0.category,
        c1_0.content,
        c1_0.created_at,
        c1_0.title,
        c1_0.type,
        c1_0.updated_at,
        c1_0.user_id,
        u1_0.id,
        u1_0.created_at,
        u1_0.email,
        u1_0.password,
        u1_0.role,
        u1_0.username,
        c1_0.user_message 
    from
        conversation c1_0 
    join
        users u1_0 
            on u1_0.id=c1_0.user_id 
    where
        c1_0.id=?
Hibernate: 
    select
        m1_0.conversation_id,
        m1_0.id,
        m1_0.content,
        m1_0.created_at,
        m1_0.role,
        u1_0.id,
        u1_0.created_at,
        u1_0.email,
        u1_0.password,
        u1_0.role,
        u1_0.username 
    from
        message m1_0 
    left join
        users u1_0 
            on u1_0.id=m1_0.user_id 
    where
        m1_0.conversation_id=?
2026-06-04T22:31:02.513+08:00 ERROR 33364 --- [classic-reading] [nio-8080-exec-9] o.a.c.c.C.[.[.[/].[dispatcherServlet]    : Servlet.service() for servlet [dispatcherServlet] in context with path [] threw exception [Request processing failed: java.lang.NullPointerException: Cannot invoke "org.springframework.security.core.userdetails.UserDetails.getUsername()" because "userDetails" is null] with root cause

java.lang.NullPointerException: Cannot invoke "org.springframework.security.core.userdetails.UserDetails.getUsername()" because "userDetails" is null
	at com.example.classicreading.controller.api.CommunityController.reply(CommunityController.java:88) ~[!/:0.0.1-SNAPSHOT]
	at java.base/jdk.internal.reflect.DirectMethodHandleAccessor.invoke(DirectMethodHandleAccessor.java:104) ~[na:na]
	at java.base/java.lang.reflect.Method.invoke(Method.java:565) ~[na:na]
	at org.springframework.aop.support.AopUtils.invokeJoinpointUsingReflection(AopUtils.java:352) ~[spring-aop-6.1.1.jar!/:6.1.1]
	at org.springframework.aop.framework.CglibAopProxy$DynamicAdvisedInterceptor.intercept(CglibAopProxy.java:713) ~[spring-aop-6.1.1.jar!/:6.1.1]
	at com.example.classicreading.controller.api.CommunityController$$SpringCGLIB$$0.reply(<generated>) ~[!/:0.0.1-SNAPSHOT]
	at java.base/jdk.internal.reflect.DirectMethodHandleAccessor.invoke(DirectMethodHandleAccessor.java:104) ~[na:na]
	at java.base/java.lang.reflect.Method.invoke(Method.java:565) ~[na:na]
	at org.springframework.web.method.support.InvocableHandlerMethod.doInvoke(InvocableHandlerMethod.java:254) ~[spring-web-6.1.1.jar!/:6.1.1]
	at org.springframework.web.method.support.InvocableHandlerMethod.invokeForRequest(InvocableHandlerMethod.java:182) ~[spring-web-6.1.1.jar!/:6.1.1]
	at org.springframework.web.servlet.mvc.method.annotation.ServletInvocableHandlerMethod.invokeAndHandle(ServletInvocableHandlerMethod.java:118) ~[spring-webmvc-6.1.1.jar!/:6.1.1]
	at org.springframework.web.servlet.mvc.method.annotation.RequestMappingHandlerAdapter.invokeHandlerMethod(RequestMappingHandlerAdapter.java:917) ~[spring-webmvc-6.1.1.jar!/:6.1.1]
	at org.springframework.web.servlet.mvc.method.annotation.RequestMappingHandlerAdapter.handleInternal(RequestMappingHandlerAdapter.java:829) ~[spring-webmvc-6.1.1.jar!/:6.1.1]
	at org.springframework.web.servlet.mvc.method.AbstractHandlerMethodAdapter.handle(AbstractHandlerMethodAdapter.java:87) ~[spring-webmvc-6.1.1.jar!/:6.1.1]
	at org.springframework.web.servlet.DispatcherServlet.doDispatch(DispatcherServlet.java:1089) ~[spring-webmvc-6.1.1.jar!/:6.1.1]
	at org.springframework.web.servlet.DispatcherServlet.doService(DispatcherServlet.java:979) ~[spring-webmvc-6.1.1.jar!/:6.1.1]
	at org.springframework.web.servlet.FrameworkServlet.processRequest(FrameworkServlet.java:1014) ~[spring-webmvc-6.1.1.jar!/:6.1.1]
	at org.springframework.web.servlet.FrameworkServlet.doPost(FrameworkServlet.java:914) ~[spring-webmvc-6.1.1.jar!/:6.1.1]
	at jakarta.servlet.http.HttpServlet.service(HttpServlet.java:590) ~[tomcat-embed-core-10.1.16.jar!/:na]
	at org.springframework.web.servlet.FrameworkServlet.service(FrameworkServlet.java:885) ~[spring-webmvc-6.1.1.jar!/:6.1.1]
	at jakarta.servlet.http.HttpServlet.service(HttpServlet.java:658) ~[tomcat-embed-core-10.1.16.jar!/:na]
	at org.apache.catalina.core.ApplicationFilterChain.internalDoFilter(ApplicationFilterChain.java:205) ~[tomcat-embed-core-10.1.16.jar!/:na]
	at org.apache.catalina.core.ApplicationFilterChain.doFilter(ApplicationFilterChain.java:149) ~[tomcat-embed-core-10.1.16.jar!/:na]
	at org.apache.tomcat.websocket.server.WsFilter.doFilter(WsFilter.java:51) ~[tomcat-embed-websocket-10.1.16.jar!/:na]
	at org.apache.catalina.core.ApplicationFilterChain.internalDoFilter(ApplicationFilterChain.java:174) ~[tomcat-embed-core-10.1.16.jar!/:na]
	at org.apache.catalina.core.ApplicationFilterChain.doFilter(ApplicationFilterChain.java:149) ~[tomcat-embed-core-10.1.16.jar!/:na]
	at org.springframework.web.filter.OncePerRequestFilter.doFilter(OncePerRequestFilter.java:110) ~[spring-web-6.1.1.jar!/:6.1.1]
	at org.apache.catalina.core.ApplicationFilterChain.internalDoFilter(ApplicationFilterChain.java:174) ~[tomcat-embed-core-10.1.16.jar!/:na]
	at org.apache.catalina.core.ApplicationFilterChain.doFilter(ApplicationFilterChain.java:149) ~[tomcat-embed-core-10.1.16.jar!/:na]
	at org.springframework.security.web.FilterChainProxy.lambda$doFilterInternal$3(FilterChainProxy.java:231) ~[spring-security-web-6.2.0.jar!/:6.2.0]
	at org.springframework.security.web.FilterChainProxy$VirtualFilterChain.doFilter(FilterChainProxy.java:365) ~[spring-security-web-6.2.0.jar!/:6.2.0]
	at org.springframework.security.web.access.intercept.AuthorizationFilter.doFilter(AuthorizationFilter.java:100) ~[spring-security-web-6.2.0.jar!/:6.2.0]
	at org.springframework.security.web.FilterChainProxy$VirtualFilterChain.doFilter(FilterChainProxy.java:374) ~[spring-security-web-6.2.0.jar!/:6.2.0]
	at org.springframework.security.web.access.ExceptionTranslationFilter.doFilter(ExceptionTranslationFilter.java:126) ~[spring-security-web-6.2.0.jar!/:6.2.0]
	at org.springframework.security.web.access.ExceptionTranslationFilter.doFilter(ExceptionTranslationFilter.java:120) ~[spring-security-web-6.2.0.jar!/:6.2.0]
	at org.springframework.security.web.FilterChainProxy$VirtualFilterChain.doFilter(FilterChainProxy.java:374) ~[spring-security-web-6.2.0.jar!/:6.2.0]
	at org.springframework.security.web.session.SessionManagementFilter.doFilter(SessionManagementFilter.java:131) ~[spring-security-web-6.2.0.jar!/:6.2.0]
	at org.springframework.security.web.session.SessionManagementFilter.doFilter(SessionManagementFilter.java:85) ~[spring-security-web-6.2.0.jar!/:6.2.0]
	at org.springframework.security.web.FilterChainProxy$VirtualFilterChain.doFilter(FilterChainProxy.java:374) ~[spring-security-web-6.2.0.jar!/:6.2.0]
	at org.springframework.security.web.authentication.AnonymousAuthenticationFilter.doFilter(AnonymousAuthenticationFilter.java:100) ~[spring-security-web-6.2.0.jar!/:6.2.0]
	at org.springframework.security.web.FilterChainProxy$VirtualFilterChain.doFilter(FilterChainProxy.java:374) ~[spring-security-web-6.2.0.jar!/:6.2.0]
	at org.springframework.security.web.servletapi.SecurityContextHolderAwareRequestFilter.doFilter(SecurityContextHolderAwareRequestFilter.java:179) ~[spring-security-web-6.2.0.jar!/:6.2.0]
	at org.springframework.security.web.FilterChainProxy$VirtualFilterChain.doFilter(FilterChainProxy.java:374) ~[spring-security-web-6.2.0.jar!/:6.2.0]
	at org.springframework.security.web.savedrequest.RequestCacheAwareFilter.doFilter(RequestCacheAwareFilter.java:63) ~[spring-security-web-6.2.0.jar!/:6.2.0]
	at org.springframework.security.web.FilterChainProxy$VirtualFilterChain.doFilter(FilterChainProxy.java:374) ~[spring-security-web-6.2.0.jar!/:6.2.0]
	at com.example.classicreading.filter.JwtAuthenticationFilter.doFilterInternal(JwtAuthenticationFilter.java:35) ~[!/:0.0.1-SNAPSHOT]
	at org.springframework.web.filter.OncePerRequestFilter.doFilter(OncePerRequestFilter.java:116) ~[spring-web-6.1.1.jar!/:6.1.1]
	at org.springframework.security.web.FilterChainProxy$VirtualFilterChain.doFilter(FilterChainProxy.java:374) ~[spring-security-web-6.2.0.jar!/:6.2.0]
	at org.springframework.security.web.authentication.logout.LogoutFilter.doFilter(LogoutFilter.java:107) ~[spring-security-web-6.2.0.jar!/:6.2.0]
	at org.springframework.security.web.authentication.logout.LogoutFilter.doFilter(LogoutFilter.java:93) ~[spring-security-web-6.2.0.jar!/:6.2.0]
	at org.springframework.security.web.FilterChainProxy$VirtualFilterChain.doFilter(FilterChainProxy.java:374) ~[spring-security-web-6.2.0.jar!/:6.2.0]
	at org.springframework.web.filter.CorsFilter.doFilterInternal(CorsFilter.java:91) ~[spring-web-6.1.1.jar!/:6.1.1]
	at org.springframework.web.filter.OncePerRequestFilter.doFilter(OncePerRequestFilter.java:116) ~[spring-web-6.1.1.jar!/:6.1.1]
	at org.springframework.security.web.FilterChainProxy$VirtualFilterChain.doFilter(FilterChainProxy.java:374) ~[spring-security-web-6.2.0.jar!/:6.2.0]
	at org.springframework.security.web.header.HeaderWriterFilter.doHeadersAfter(HeaderWriterFilter.java:90) ~[spring-security-web-6.2.0.jar!/:6.2.0]
	at org.springframework.security.web.header.HeaderWriterFilter.doFilterInternal(HeaderWriterFilter.java:75) ~[spring-security-web-6.2.0.jar!/:6.2.0]
	at org.springframework.web.filter.OncePerRequestFilter.doFilter(OncePerRequestFilter.java:116) ~[spring-web-6.1.1.jar!/:6.1.1]
	at org.springframework.security.web.FilterChainProxy$VirtualFilterChain.doFilter(FilterChainProxy.java:374) ~[spring-security-web-6.2.0.jar!/:6.2.0]
	at org.springframework.security.web.context.SecurityContextHolderFilter.doFilter(SecurityContextHolderFilter.java:82) ~[spring-security-web-6.2.0.jar!/:6.2.0]
	at org.springframework.security.web.context.SecurityContextHolderFilter.doFilter(SecurityContextHolderFilter.java:69) ~[spring-security-web-6.2.0.jar!/:6.2.0]
	at org.springframework.security.web.FilterChainProxy$VirtualFilterChain.doFilter(FilterChainProxy.java:374) ~[spring-security-web-6.2.0.jar!/:6.2.0]
	at org.springframework.security.web.context.request.async.WebAsyncManagerIntegrationFilter.doFilterInternal(WebAsyncManagerIntegrationFilter.java:62) ~[spring-security-web-6.2.0.jar!/:6.2.0]
	at org.springframework.web.filter.OncePerRequestFilter.doFilter(OncePerRequestFilter.java:116) ~[spring-web-6.1.1.jar!/:6.1.1]
	at org.springframework.security.web.FilterChainProxy$VirtualFilterChain.doFilter(FilterChainProxy.java:374) ~[spring-security-web-6.2.0.jar!/:6.2.0]
	at org.springframework.security.web.session.DisableEncodeUrlFilter.doFilterInternal(DisableEncodeUrlFilter.java:42) ~[spring-security-web-6.2.0.jar!/:6.2.0]
	at org.springframework.web.filter.OncePerRequestFilter.doFilter(OncePerRequestFilter.java:116) ~[spring-web-6.1.1.jar!/:6.1.1]
	at org.springframework.security.web.FilterChainProxy$VirtualFilterChain.doFilter(FilterChainProxy.java:374) ~[spring-security-web-6.2.0.jar!/:6.2.0]
	at org.springframework.security.web.FilterChainProxy.doFilterInternal(FilterChainProxy.java:233) ~[spring-security-web-6.2.0.jar!/:6.2.0]
	at org.springframework.security.web.FilterChainProxy.doFilter(FilterChainProxy.java:191) ~[spring-security-web-6.2.0.jar!/:6.2.0]
	at org.springframework.web.filter.DelegatingFilterProxy.invokeDelegate(DelegatingFilterProxy.java:352) ~[spring-web-6.1.1.jar!/:6.1.1]
	at org.springframework.web.filter.DelegatingFilterProxy.doFilter(DelegatingFilterProxy.java:268) ~[spring-web-6.1.1.jar!/:6.1.1]
	at org.apache.catalina.core.ApplicationFilterChain.internalDoFilter(ApplicationFilterChain.java:174) ~[tomcat-embed-core-10.1.16.jar!/:na]
	at org.apache.catalina.core.ApplicationFilterChain.doFilter(ApplicationFilterChain.java:149) ~[tomcat-embed-core-10.1.16.jar!/:na]
	at org.springframework.web.filter.RequestContextFilter.doFilterInternal(RequestContextFilter.java:100) ~[spring-web-6.1.1.jar!/:6.1.1]
	at org.springframework.web.filter.OncePerRequestFilter.doFilter(OncePerRequestFilter.java:116) ~[spring-web-6.1.1.jar!/:6.1.1]
	at org.apache.catalina.core.ApplicationFilterChain.internalDoFilter(ApplicationFilterChain.java:174) ~[tomcat-embed-core-10.1.16.jar!/:na]
	at org.apache.catalina.core.ApplicationFilterChain.doFilter(ApplicationFilterChain.java:149) ~[tomcat-embed-core-10.1.16.jar!/:na]
	at org.springframework.web.filter.FormContentFilter.doFilterInternal(FormContentFilter.java:93) ~[spring-web-6.1.1.jar!/:6.1.1]
	at org.springframework.web.filter.OncePerRequestFilter.doFilter(OncePerRequestFilter.java:116) ~[spring-web-6.1.1.jar!/:6.1.1]
	at org.apache.catalina.core.ApplicationFilterChain.internalDoFilter(ApplicationFilterChain.java:174) ~[tomcat-embed-core-10.1.16.jar!/:na]
	at org.apache.catalina.core.ApplicationFilterChain.doFilter(ApplicationFilterChain.java:149) ~[tomcat-embed-core-10.1.16.jar!/:na]
	at org.springframework.web.filter.CharacterEncodingFilter.doFilterInternal(CharacterEncodingFilter.java:201) ~[spring-web-6.1.1.jar!/:6.1.1]
	at org.springframework.web.filter.OncePerRequestFilter.doFilter(OncePerRequestFilter.java:116) ~[spring-web-6.1.1.jar!/:6.1.1]
	at org.apache.catalina.core.ApplicationFilterChain.internalDoFilter(ApplicationFilterChain.java:174) ~[tomcat-embed-core-10.1.16.jar!/:na]
	at org.apache.catalina.core.ApplicationFilterChain.doFilter(ApplicationFilterChain.java:149) ~[tomcat-embed-core-10.1.16.jar!/:na]
	at org.apache.catalina.core.StandardWrapperValve.invoke(StandardWrapperValve.java:167) ~[tomcat-embed-core-10.1.16.jar!/:na]
	at org.apache.catalina.core.StandardContextValve.invoke(StandardContextValve.java:90) ~[tomcat-embed-core-10.1.16.jar!/:na]
	at org.apache.catalina.authenticator.AuthenticatorBase.invoke(AuthenticatorBase.java:482) ~[tomcat-embed-core-10.1.16.jar!/:na]
	at org.apache.catalina.core.StandardHostValve.invoke(StandardHostValve.java:115) ~[tomcat-embed-core-10.1.16.jar!/:na]
	at org.apache.catalina.valves.ErrorReportValve.invoke(ErrorReportValve.java:93) ~[tomcat-embed-core-10.1.16.jar!/:na]
	at org.apache.catalina.core.StandardEngineValve.invoke(StandardEngineValve.java:74) ~[tomcat-embed-core-10.1.16.jar!/:na]
	at org.apache.catalina.connector.CoyoteAdapter.service(CoyoteAdapter.java:340) ~[tomcat-embed-core-10.1.16.jar!/:na]
	at org.apache.coyote.http11.Http11Processor.service(Http11Processor.java:391) ~[tomcat-embed-core-10.1.16.jar!/:na]
	at org.apache.coyote.AbstractProcessorLight.process(AbstractProcessorLight.java:63) ~[tomcat-embed-core-10.1.16.jar!/:na]
	at org.apache.coyote.AbstractProtocol$ConnectionHandler.process(AbstractProtocol.java:896) ~[tomcat-embed-core-10.1.16.jar!/:na]
	at org.apache.tomcat.util.net.NioEndpoint$SocketProcessor.doRun(NioEndpoint.java:1744) ~[tomcat-embed-core-10.1.16.jar!/:na]
	at org.apache.tomcat.util.net.SocketProcessorBase.run(SocketProcessorBase.java:52) ~[tomcat-embed-core-10.1.16.jar!/:na]
	at org.apache.tomcat.util.threads.ThreadPoolExecutor.runWorker(ThreadPoolExecutor.java:1191) ~[tomcat-embed-core-10.1.16.jar!/:na]
	at org.apache.tomcat.util.threads.ThreadPoolExecutor$Worker.run(ThreadPoolExecutor.java:659) ~[tomcat-embed-core-10.1.16.jar!/:na]
	at org.apache.tomcat.util.threads.TaskThread$WrappingRunnable.run(TaskThread.java:61) ~[tomcat-embed-core-10.1.16.jar!/:na]
	at java.base/java.lang.Thread.run(Thread.java:1447) ~[na:na]

